<?xml version="1.0" encoding="UTF-8"?>
<!-- Generated by org.testng.reporters.JUnitReportReporter -->
<testsuite hostname="Roy-PC" failures="0" tests="4" name="testcases.AddCustomerTest" time="28.544" errors="0" timestamp="08 Oct 2024 06:55:45 GMT" skipped="1">
  <testcase classname="testcases.AddCustomerTest" name="addCustomerTest" time="9.567"/>
  <testcase classname="testcases.AddCustomerTest" name="addCustomerTest" time="9.472"/>
  <testcase classname="testcases.AddCustomerTest" name="addCustomerTest" time="9.504"/>
  <testcase classname="testcases.AddCustomerTest" name="addCustomerTest" time="0.001">
    <skipped/>
  </testcase> <!-- addCustomerTest -->
</testsuite> <!-- testcases.AddCustomerTest -->
